<?xml version="1.0" encoding="UTF-8"?>
<!-- Generated by org.testng.reporters.JUnitReportReporter -->
<testsuite skipped="0" hostname="Musas-MBP" name="faceBookTest.TestPage" tests="2" failures="0" timestamp="24 Feb 2019 01:15:39 GMT" time="7.091" errors="0">
  <testcase name="test2" time="3.198" classname="faceBookTest.TestPage"/>
  <testcase name="test1" time="3.893" classname="faceBookTest.TestPage"/>
</testsuite> <!-- faceBookTest.TestPage -->
