<?xml version="1.0" encoding="UTF-8"?>
<!-- Generated by org.testng.reporters.JUnitReportReporter -->
<testsuite skipped="0" hostname="Musas-MacBook-Pro.local" name="faceBookPages.TestPage" tests="2" failures="0" timestamp="13 Oct 2017 00:51:12 GMT" time="6.910" errors="0">
  <testcase name="test1" time="3.704" classname="faceBookPages.TestPage"/>
  <testcase name="test2" time="3.206" classname="faceBookPages.TestPage"/>
</testsuite> <!-- faceBookPages.TestPage -->
